<?xml version="1.0" encoding="UTF-8"?>
<testng-results ignored="0" total="3" passed="3" failed="0" skipped="0">
  <reporter-output>
  </reporter-output>
  <suite started-at="2023-07-09T00:57:22 BST" name="Suite" finished-at="2023-07-09T00:58:11 BST" duration-ms="49478">
    <groups>
    </groups>
    <test started-at="2023-07-09T00:57:22 BST" name="ChromeTest" finished-at="2023-07-09T00:57:31 BST" duration-ms="9430">
      <class name="hemakumar.crossbrowsertest.CrossBrowserParallelTest">
        <test-method signature="crossBrowserParallelTest(java.lang.String)[pri:0, instance:hemakumar.crossbrowsertest.CrossBrowserParallelTest@2767e23c]" started-at="2023-07-09T00:57:22 BST" name="crossBrowserParallelTest" finished-at="2023-07-09T00:57:31 BST" duration-ms="9360" status="PASS">
          <params>
            <param index="0">
              <value>
                <![CDATA[chrome]]>
              </value>
            </param>
          </params>
          <reporter-output>
          </reporter-output>
        </test-method> <!-- crossBrowserParallelTest -->
      </class> <!-- hemakumar.crossbrowsertest.CrossBrowserParallelTest -->
    </test> <!-- ChromeTest -->
    <test started-at="2023-07-09T00:57:22 BST" name="FirefoxTest" finished-at="2023-07-09T00:57:39 BST" duration-ms="17186">
      <class name="hemakumar.crossbrowsertest.CrossBrowserParallelTest">
        <test-method signature="crossBrowserParallelTest(java.lang.String)[pri:0, instance:hemakumar.crossbrowsertest.CrossBrowserParallelTest@15888343]" started-at="2023-07-09T00:57:22 BST" name="crossBrowserParallelTest" finished-at="2023-07-09T00:57:39 BST" duration-ms="17118" status="PASS">
          <params>
            <param index="0">
              <value>
                <![CDATA[firefox]]>
              </value>
            </param>
          </params>
          <reporter-output>
          </reporter-output>
        </test-method> <!-- crossBrowserParallelTest -->
      </class> <!-- hemakumar.crossbrowsertest.CrossBrowserParallelTest -->
    </test> <!-- FirefoxTest -->
    <test started-at="2023-07-09T00:57:22 BST" name="edgeTest" finished-at="2023-07-09T00:58:11 BST" duration-ms="49478">
      <class name="hemakumar.crossbrowsertest.CrossBrowserParallelTest">
        <test-method signature="crossBrowserParallelTest(java.lang.String)[pri:0, instance:hemakumar.crossbrowsertest.CrossBrowserParallelTest@d554c5f]" started-at="2023-07-09T00:57:22 BST" name="crossBrowserParallelTest" finished-at="2023-07-09T00:58:11 BST" duration-ms="49411" status="PASS">
          <params>
            <param index="0">
              <value>
                <![CDATA[edge]]>
              </value>
            </param>
          </params>
          <reporter-output>
          </reporter-output>
        </test-method> <!-- crossBrowserParallelTest -->
      </class> <!-- hemakumar.crossbrowsertest.CrossBrowserParallelTest -->
    </test> <!-- edgeTest -->
  </suite> <!-- Suite -->
</testng-results>
